
Showing logs for build [32mkddejong-go-http-master-1[0m stage [32mmeta-pipeline[0m and container [32mstep-credential-initializer-6p9c4[0m
{"level":"warn","ts":1568321004.8274038,"logger":"fallback-logger","caller":"logging/config.go:69","msg":"Fetch GitHub commit ID from kodata failed: \"ref: refs/heads/master\" is not a valid GitHub commit ID"}
{"level":"info","ts":1568321004.827764,"logger":"fallback-logger","caller":"creds-init/main.go:40","msg":"Credentials initialized."}

Showing logs for build [32mkddejong-go-http-master-1[0m stage [32mmeta-pipeline[0m and container [32mstep-working-dir-initializer-8br7z[0m
{"level":"warn","ts":1568321007.0013652,"logger":"fallback-logger","caller":"logging/config.go:69","msg":"Fetch GitHub commit ID from kodata failed: open /var/run/ko/HEAD: no such file or directory"}
{"level":"info","ts":1568321007.0030413,"logger":"fallback-logger","caller":"bash/main.go:65","msg":"Successfully executed command \"mkdir -p /workspace/source\""}

Showing logs for build [32mkddejong-go-http-master-1[0m stage [32mmeta-pipeline[0m and container [32mstep-place-tools[0m

Showing logs for build [32mkddejong-go-http-master-1[0m stage [32mmeta-pipeline[0m and container [32mstep-git-source-meta-kddejong-go-http-master-6sf2q[0m
{"level":"warn","ts":1568321019.3231056,"logger":"fallback-logger","caller":"logging/config.go:69","msg":"Fetch GitHub commit ID from kodata failed: \"ref: refs/heads/master\" is not a valid GitHub commit ID"}
{"level":"info","ts":1568321019.518799,"logger":"fallback-logger","caller":"git/git.go:102","msg":"Successfully cloned https://github.com/********/go-http.git @ bc23d096674f6b3a7ae1d808e9139cafb325de5c in path /workspace/source"}

Showing logs for build [32mkddejong-go-http-master-1[0m stage [32mmeta-pipeline[0m and container [32mstep-git-merge[0m
Using SHAs from PULL_REFS=master:bc23d096674f6b3a7ae1d808e9139cafb325de5c
WARNING: no SHAs to merge, falling back to initial cloned commit

Showing logs for build [32mkddejong-go-http-master-1[0m stage [32mmeta-pipeline[0m and container [32mstep-merge-pull-refs[0m
SKIP merge-pull-refs: Nothing to merge

Showing logs for build [32mkddejong-go-http-master-1[0m stage [32mmeta-pipeline[0m and container [32mstep-create-effective-pipeline[0m
Deleting and cloning the Jenkins X versions repo
Cloning the Jenkins X versions repo https://github.com/jenkins-x/jenkins-x-versions.git with ref refs/heads/master to /builder/home/.**/jenkins-x-versions
Effective pipeline written to jenkins-x-effective.yml

Showing logs for build [32mkddejong-go-http-master-1[0m stage [32mmeta-pipeline[0m and container [32mstep-create-tekton-crds[0m
running command: echo \$(**-release-version) > VERSION

running command: ** step tag --version \$(cat VERSION)
Updating chart version in charts/go-http/Chart.yaml to 0.0.1
Updating repository in charts/go-http/values.yaml to 837619682825.dkr.ecr.us-west-2.amazonaws.com/********/go-http
Updating tag in charts/go-http/values.yaml to 0.0.1
Tag v0.0.1 created and pushed to remote origin

WARNING: failed to find secret kaniko-secret in namespace **: secrets "kaniko-secret" not found
PipelineActivity for ********-go-http-master-1
Applying changes 
upserted PipelineResource ********-go-http-master for the git repository https://github.com/********/go-http.git
upserted Task ********-go-http-master-from-build-pack-1
upserted Pipeline ********-go-http-master-1
created PipelineRun ********-go-http-master-1
created PipelineStructure ********-go-http-master-1

Showing logs for build [32mkddejong-go-http-master-1[0m stage [32mfrom-build-pack[0m and container [32mstep-credential-initializer-zb6k4[0m
{"level":"warn","ts":1568321031.8674357,"logger":"fallback-logger","caller":"logging/config.go:69","msg":"Fetch GitHub commit ID from kodata failed: \"ref: refs/heads/master\" is not a valid GitHub commit ID"}
{"level":"info","ts":1568321031.8678923,"logger":"fallback-logger","caller":"creds-init/main.go:40","msg":"Credentials initialized."}

Showing logs for build [32mkddejong-go-http-master-1[0m stage [32mfrom-build-pack[0m and container [32mstep-working-dir-initializer-p2whr[0m
{"level":"warn","ts":1568321035.1688364,"logger":"fallback-logger","caller":"logging/config.go:69","msg":"Fetch GitHub commit ID from kodata failed: open /var/run/ko/HEAD: no such file or directory"}
{"level":"info","ts":1568321035.1725574,"logger":"fallback-logger","caller":"bash/main.go:65","msg":"Successfully executed command \"mkdir -p /workspace/source /workspace/source/charts/go-http\""}

Showing logs for build [32mkddejong-go-http-master-1[0m stage [32mfrom-build-pack[0m and container [32mstep-place-tools[0m

Showing logs for build [32mkddejong-go-http-master-1[0m stage [32mfrom-build-pack[0m and container [32mstep-git-source-kddejong-go-http-master-v2jfc[0m
{"level":"warn","ts":1568321053.746565,"logger":"fallback-logger","caller":"logging/config.go:69","msg":"Fetch GitHub commit ID from kodata failed: \"ref: refs/heads/master\" is not a valid GitHub commit ID"}
{"level":"info","ts":1568321053.9590003,"logger":"fallback-logger","caller":"git/git.go:102","msg":"Successfully cloned https://github.com/********/go-http.git @ v0.0.1 in path /workspace/source"}

Showing logs for build [32mkddejong-go-http-master-1[0m stage [32mfrom-build-pack[0m and container [32mstep-git-merge[0m
Using SHAs from PULL_REFS=master:bc23d096674f6b3a7ae1d808e9139cafb325de5c
WARNING: no SHAs to merge, falling back to initial cloned commit

Showing logs for build [32mkddejong-go-http-master-1[0m stage [32mfrom-build-pack[0m and container [32mstep-setup-jx-git-credentials[0m
Generated Git credentials file /workspace/xdg_config/git/credentials

Showing logs for build [32mkddejong-go-http-master-1[0m stage [32mfrom-build-pack[0m and container [32mstep-build-make-build[0m
CGO_ENABLED=0 GO15VENDOREXPERIMENT=1 go build -ldflags '' -o bin/go-http main.go

Showing logs for build [32mkddejong-go-http-master-1[0m stage [32mfrom-build-pack[0m and container [32mstep-build-container-build[0m
[36mINFO[0m[0000] No base image, nothing to extract            
[36mINFO[0m[0000] cmd: EXPOSE                                  
[36mINFO[0m[0000] Adding exposed port: 8080/tcp                
[36mINFO[0m[0000] Using files from context: [/workspace/source/bin] 
[36mINFO[0m[0000] Skipping unpacking as no commands require it. 
[36mINFO[0m[0000] Taking snapshot of full filesystem...        
[36mINFO[0m[0000] EXPOSE 8080                                  
[36mINFO[0m[0000] cmd: EXPOSE                                  
[36mINFO[0m[0000] Adding exposed port: 8080/tcp                
[36mINFO[0m[0000] No files changed in this command, skipping snapshotting. 
[36mINFO[0m[0000] ENTRYPOINT ["/go-http"]                      
[36mINFO[0m[0000] No files changed in this command, skipping snapshotting. 
[36mINFO[0m[0000] Using files from context: [/workspace/source/bin] 
[36mINFO[0m[0000] COPY ./bin/ /                                
[36mINFO[0m[0000] Taking snapshot of files...                  
2019/09/12 20:44:21 pushed blob: sha256:d939b78b1856d9539f9e152080ec5b34e1beb6464272f5697a1c0e67b848e965
2019/09/12 20:44:22 pushed blob: sha256:e3fa426d3ac239fe6fc89b49479e85ca5654bd1728910e468d1dbb8ee9b2d7fb
2019/09/12 20:44:22 837619682825.dkr.ecr.us-west-2.amazonaws.com/********/go-http:0.0.1: digest: sha256:3d0f9ca798b373e81683ba2f6c8f71c62604f055ae92f0e839dc5355a16d9a26 size: 428

Showing logs for build [32mkddejong-go-http-master-1[0m stage [32mfrom-build-pack[0m and container [32mstep-build-post-build[0m
no CVE provider running in the current ** namespace so skip adding image to be analysed

Showing logs for build [32mkddejong-go-http-master-1[0m stage [32mfrom-build-pack[0m and container [32mstep-promote-changelog[0m
Converted /workspace/source/charts/go-http to an unshallow repository
no previous commit version found so change diff unavailable

Showing logs for build [32mkddejong-go-http-master-1[0m stage [32mfrom-build-pack[0m and container [32mstep-promote-helm-release[0m
WARNING: No $CHART_REPOSITORY defined so using the default value of: http://jenkins-x-chartmuseum:8080
Adding missing Helm repo: storage.googleapis.com https://storage.googleapis.com/chartmuseum.jenkins-x.io
Read credentials for https://storage.googleapis.com/chartmuseum.jenkins-x.io from vault helm/repos
Successfully added Helm repository storage.googleapis.com.
Adding missing Helm repo: jenkins-x-chartmuseum http://jenkins-x-chartmuseum:8080
Read credentials for http://jenkins-x-chartmuseum:8080 from vault helm/repos
Successfully added Helm repository jenkins-x-chartmuseum.
WARNING: No $CHART_REPOSITORY defined so using the default value of: http://jenkins-x-chartmuseum:8080
Uploading chart file go-http-0.0.1.tgz to http://jenkins-x-chartmuseum:8080/api/charts
Received 201 response: {"saved":true}

Showing logs for build [32mkddejong-go-http-master-1[0m stage [32mfrom-build-pack[0m and container [32mstep-promote-jx-promote[0m
WARNING: prow based install so skip waiting for the merge of Pull Requests to go green as currently there is an issue with gettingstatuses from the PR, see https://github.com/jenkins-x/**/issues/2410
Promoting app go-http version 0.0.1 to namespace **-staging
Created Pull Request: https://github.com/********/environment-pighorse-staging/pull/1
Pull Request https://github.com/********/environment-pighorse-staging/pull/1 is merged at sha f88c818e2cc7f3009d3acf812288f45c9221ed46
Pull Request merged but we are not waiting for the update pipeline to complete!
WARNING: Could not find the service URL in namespace **-staging for names go-http, **-go-http, **-staging-go-http
