
Showing logs for build [32mkddejong-go-http-master-release-cqf5f-3[0m stage [32mmeta-pipeline[0m and container [32mstep-credential-initializer-s8zrl[0m
{"level":"warn","ts":1570660985.2825725,"logger":"fallback-logger","caller":"logging/config.go:69","msg":"Fetch GitHub commit ID from kodata failed: \"ref: refs/heads/master\" is not a valid GitHub commit ID"}
{"level":"info","ts":1570660985.2833087,"logger":"fallback-logger","caller":"creds-init/main.go:40","msg":"Credentials initialized."}

Showing logs for build [32mkddejong-go-http-master-release-cqf5f-3[0m stage [32mmeta-pipeline[0m and container [32mstep-working-dir-initializer-nlrj7[0m
{"level":"warn","ts":1570660986.268973,"logger":"fallback-logger","caller":"logging/config.go:69","msg":"Fetch GitHub commit ID from kodata failed: open /var/run/ko/HEAD: no such file or directory"}
{"level":"info","ts":1570660986.2703512,"logger":"fallback-logger","caller":"bash/main.go:65","msg":"Successfully executed command \"mkdir -p /workspace/source\""}

Showing logs for build [32mkddejong-go-http-master-release-cqf5f-3[0m stage [32mmeta-pipeline[0m and container [32mstep-place-tools[0m

Showing logs for build [32mkddejong-go-http-master-release-cqf5f-3[0m stage [32mmeta-pipeline[0m and container [32mstep-git-source-meta-kddejong-go-http-master-re-2zcg2[0m
{"level":"warn","ts":1570660991.3512158,"logger":"fallback-logger","caller":"logging/config.go:69","msg":"Fetch GitHub commit ID from kodata failed: \"ref: refs/heads/master\" is not a valid GitHub commit ID"}
{"level":"info","ts":1570660991.76651,"logger":"fallback-logger","caller":"git/git.go:102","msg":"Successfully cloned https://github.com/********/go-http.git @ 1e43172e8670a1a6e0017cb33d2ffc5ef2c6c410 in path /workspace/source"}

Showing logs for build [32mkddejong-go-http-master-release-cqf5f-3[0m stage [32mmeta-pipeline[0m and container [32mstep-git-merge[0m
Using SHAs from PULL_REFS=master:1e43172e8670a1a6e0017cb33d2ffc5ef2c6c410
WARNING: no SHAs to merge, falling back to initial cloned commit

Showing logs for build [32mkddejong-go-http-master-release-cqf5f-3[0m stage [32mmeta-pipeline[0m and container [32mstep-merge-pull-refs[0m
SKIP merge-pull-refs: Nothing to merge

Showing logs for build [32mkddejong-go-http-master-release-cqf5f-3[0m stage [32mmeta-pipeline[0m and container [32mstep-create-effective-pipeline[0m
Deleting and cloning the Jenkins X versions repo
Cloning the Jenkins X versions repo https://github.com/jenkins-x/jenkins-x-versions.git with ref refs/heads/master to /builder/home/.**/jenkins-x-versions
Effective pipeline written to jenkins-x-release-effective.yml

Showing logs for build [32mkddejong-go-http-master-release-cqf5f-3[0m stage [32mmeta-pipeline[0m and container [32mstep-create-tekton-crds[0m
running command: echo \$(**-release-version) > VERSION

running command: ** step tag --version \$(cat VERSION)
Updating chart version in charts/go-http/Chart.yaml to 0.0.3
Updating repository in charts/go-http/values.yaml to 837619682825.dkr.ecr.us-west-2.amazonaws.com/********/go-http
Updating tag in charts/go-http/values.yaml to 0.0.3
Tag v0.0.3 created and pushed to remote origin

WARNING: failed to find secret kaniko-secret in namespace **: secrets "kaniko-secret" not found
PipelineActivity for ********-go-http-master-3
Applying changes 
upserted PipelineResource ********-go-http-master-release for the git repository https://github.com/********/go-http.git
upserted Task ********-go-http-master-release-cqf5f-from-build-pack-3
upserted Pipeline ********-go-http-master-release-cqf5f-3
created PipelineRun ********-go-http-master-release-cqf5f-3
created PipelineStructure ********-go-http-master-release-cqf5f-3

Showing logs for build [32mkddejong-go-http-master-release-cqf5f-3[0m stage [32mfrom-build-pack[0m and container [32mstep-credential-initializer-lbzqn[0m
{"level":"warn","ts":1570661001.0141687,"logger":"fallback-logger","caller":"logging/config.go:69","msg":"Fetch GitHub commit ID from kodata failed: \"ref: refs/heads/master\" is not a valid GitHub commit ID"}
{"level":"info","ts":1570661001.014479,"logger":"fallback-logger","caller":"creds-init/main.go:40","msg":"Credentials initialized."}

Showing logs for build [32mkddejong-go-http-master-release-cqf5f-3[0m stage [32mfrom-build-pack[0m and container [32mstep-working-dir-initializer-gnmkn[0m
{"level":"warn","ts":1570661002.0150104,"logger":"fallback-logger","caller":"logging/config.go:69","msg":"Fetch GitHub commit ID from kodata failed: open /var/run/ko/HEAD: no such file or directory"}
{"level":"info","ts":1570661002.016498,"logger":"fallback-logger","caller":"bash/main.go:65","msg":"Successfully executed command \"mkdir -p /workspace/source /workspace/source/charts/go-http\""}

Showing logs for build [32mkddejong-go-http-master-release-cqf5f-3[0m stage [32mfrom-build-pack[0m and container [32mstep-place-tools[0m

Showing logs for build [32mkddejong-go-http-master-release-cqf5f-3[0m stage [32mfrom-build-pack[0m and container [32mstep-git-source-kddejong-go-http-master-release-fzbg2[0m
{"level":"warn","ts":1570661008.0914438,"logger":"fallback-logger","caller":"logging/config.go:69","msg":"Fetch GitHub commit ID from kodata failed: \"ref: refs/heads/master\" is not a valid GitHub commit ID"}
{"level":"info","ts":1570661008.5082557,"logger":"fallback-logger","caller":"git/git.go:102","msg":"Successfully cloned https://github.com/********/go-http.git @ v0.0.3 in path /workspace/source"}

Showing logs for build [32mkddejong-go-http-master-release-cqf5f-3[0m stage [32mfrom-build-pack[0m and container [32mstep-git-merge[0m
Using SHAs from PULL_REFS=master:1e43172e8670a1a6e0017cb33d2ffc5ef2c6c410
WARNING: no SHAs to merge, falling back to initial cloned commit

Showing logs for build [32mkddejong-go-http-master-release-cqf5f-3[0m stage [32mfrom-build-pack[0m and container [32mstep-setup-jx-git-credentials[0m
Generated Git credentials file /workspace/xdg_config/git/credentials

Showing logs for build [32mkddejong-go-http-master-release-cqf5f-3[0m stage [32mfrom-build-pack[0m and container [32mstep-build-make-build[0m
CGO_ENABLED=0 GO15VENDOREXPERIMENT=1 go build -ldflags '' -o bin/go-http main.go

Showing logs for build [32mkddejong-go-http-master-release-cqf5f-3[0m stage [32mfrom-build-pack[0m and container [32mstep-build-container-build[0m
[36mINFO[0m[0000] No base image, nothing to extract            
[36mINFO[0m[0000] cmd: EXPOSE                                  
[36mINFO[0m[0000] Adding exposed port: 8080/tcp                
[36mINFO[0m[0000] Using files from context: [/workspace/source/bin] 
[36mINFO[0m[0000] Skipping unpacking as no commands require it. 
[36mINFO[0m[0000] Taking snapshot of full filesystem...        
[36mINFO[0m[0000] EXPOSE 8080                                  
[36mINFO[0m[0000] cmd: EXPOSE                                  
[36mINFO[0m[0000] Adding exposed port: 8080/tcp                
[36mINFO[0m[0000] No files changed in this command, skipping snapshotting. 
[36mINFO[0m[0000] ENTRYPOINT ["/go-http"]                      
[36mINFO[0m[0000] No files changed in this command, skipping snapshotting. 
[36mINFO[0m[0000] Using files from context: [/workspace/source/bin] 
[36mINFO[0m[0000] COPY ./bin/ /                                
[36mINFO[0m[0000] Taking snapshot of files...                  
2019/10/09 22:43:36 pushed blob: sha256:edf63e071cca47ba8ac109f83fcf99fa151df57a39e0a40f90a67cc5a99864f4
2019/10/09 22:43:37 pushed blob: sha256:d650f54e855b51f28ea129b8e5b3349a01fd406ffe19a23c6272f19931e38f13
2019/10/09 22:43:37 837619682825.dkr.ecr.us-west-2.amazonaws.com/********/go-http:0.0.3: digest: sha256:d723f6e27f6f626c005b2983150fd405298772c38c800b8f8b7904ebe694ab3f size: 428

Showing logs for build [32mkddejong-go-http-master-release-cqf5f-3[0m stage [32mfrom-build-pack[0m and container [32mstep-build-post-build[0m
no CVE provider running in the current ** namespace so skip adding image to be analysed

Showing logs for build [32mkddejong-go-http-master-release-cqf5f-3[0m stage [32mfrom-build-pack[0m and container [32mstep-promote-changelog[0m
Converted /workspace/source/charts/go-http to an unshallow repository
Generating change log from git ref 2d37607003a0ae3b47b5eadfac7d27965008ce25 => e8c9e84111d3f54a576c2d0f10613045054f9edf
Associating user ******** in users.jenkins.io with email ********@amazon.com to git GitProvider user with login -0 as emails match
Adding label jenkins.io/git-github-userid=-0 to user ******** in users.jenkins.io
WARNING: Failed to enrich commit f0224b50b6189b3ed041765746a8cafe84cfc3ce with issues: User.jenkins.io "********" is invalid: metadata.labels: Invalid value: "-0": a valid label must be an empty string or consist of alphanumeric characters, '-', '_' or '.', and must start and end with an alphanumeric character (e.g. 'MyValue',  or 'my_value',  or '12345', regex used for validation is '(([A-Za-z0-9][-A-Za-z0-9_.]*)?[A-Za-z0-9])?')
Associating user ******** in users.jenkins.io with email ********@amazon.com to git GitProvider user with login -0 as emails match
Adding label jenkins.io/git-github-userid=-0 to user ******** in users.jenkins.io
WARNING: Failed to enrich commit f0224b50b6189b3ed041765746a8cafe84cfc3ce with issues: User.jenkins.io "********" is invalid: metadata.labels: Invalid value: "-0": a valid label must be an empty string or consist of alphanumeric characters, '-', '_' or '.', and must start and end with an alphanumeric character (e.g. 'MyValue',  or 'my_value',  or '12345', regex used for validation is '(([A-Za-z0-9][-A-Za-z0-9_.]*)?[A-Za-z0-9])?')
Finding issues in commit messages using git format
WARNING: No release found for ********/go-http and tag v0.0.3 so creating a new release
Updated the release information at https://github.com/********/go-http/releases/tag/v0.0.3
generated: /workspace/source/charts/go-http/templates/release.yaml
Created Release go-http-0-0-3 resource in namespace **
Updating PipelineActivity ********-go-http-master-3 with version 0.0.3
Updated PipelineActivities ********-go-http-master-3 with release notes URL: https://github.com/********/go-http/releases/tag/v0.0.3

Showing logs for build [32mkddejong-go-http-master-release-cqf5f-3[0m stage [32mfrom-build-pack[0m and container [32mstep-promote-helm-release[0m
WARNING: No $CHART_REPOSITORY defined so using the default value of: http://jenkins-x-chartmuseum:8080
Adding missing Helm repo: storage.googleapis.com https://storage.googleapis.com/chartmuseum.jenkins-x.io
Read credentials for https://storage.googleapis.com/chartmuseum.jenkins-x.io from vault helm/repos
Successfully added Helm repository storage.googleapis.com.
Adding missing Helm repo: jenkins-x-chartmuseum http://jenkins-x-chartmuseum:8080
Read credentials for http://jenkins-x-chartmuseum:8080 from vault helm/repos
Successfully added Helm repository jenkins-x-chartmuseum.
WARNING: No $CHART_REPOSITORY defined so using the default value of: http://jenkins-x-chartmuseum:8080
Uploading chart file go-http-0.0.3.tgz to http://jenkins-x-chartmuseum:8080/api/charts
Received 201 response: {"saved":true}

Showing logs for build [32mkddejong-go-http-master-release-cqf5f-3[0m stage [32mfrom-build-pack[0m and container [32mstep-promote-jx-promote[0m
WARNING: prow based install so skip waiting for the merge of Pull Requests to go green as currently there is an issue with gettingstatuses from the PR, see https://github.com/jenkins-x/**/issues/2410
Promoting app go-http version 0.0.3 to namespace **-staging
Created Pull Request: https://github.com/********/environment-pighorse-staging/pull/3
Pull Request https://github.com/********/environment-pighorse-staging/pull/3 is merged at sha c509de0152fb18338bedb80c8d75993047c55329
Pull Request merged but we are not waiting for the update pipeline to complete!
